{"/Users/andelarwanda/Desktop/mybrand-backend/app.js": {"path":"/Users/andelarwanda/Desktop/mybrand-backend/app.js","statementMap":{"0":{"start":{"line":13,"column":0},"end":{"line":13,"column":16}},"1":{"start":{"line":14,"column":12},"end":{"line":14,"column":21}},"2":{"start":{"line":23,"column":0},"end":{"line":25,"column":1}},"3":{"start":{"line":24,"column":2},"end":{"line":24,"column":25}},"4":{"start":{"line":27,"column":0},"end":{"line":27,"column":16}},"5":{"start":{"line":29,"column":0},"end":{"line":29,"column":24}},"6":{"start":{"line":31,"column":0},"end":{"line":31,"column":37}},"7":{"start":{"line":32,"column":0},"end":{"line":32,"column":37}},"8":{"start":{"line":33,"column":0},"end":{"line":39,"column":3}},"9":{"start":{"line":34,"column":2},"end":{"line":34,"column":27}},"10":{"start":{"line":35,"column":2},"end":{"line":38,"column":5}},"11":{"start":{"line":41,"column":0},"end":{"line":46,"column":3}},"12":{"start":{"line":42,"column":2},"end":{"line":45,"column":5}}},"fnMap":{"0":{"name":"(anonymous_0)","decl":{"start":{"line":33,"column":8},"end":{"line":33,"column":9}},"loc":{"start":{"line":33,"column":33},"end":{"line":39,"column":1}},"line":33},"1":{"name":"(anonymous_1)","decl":{"start":{"line":41,"column":8},"end":{"line":41,"column":9}},"loc":{"start":{"line":41,"column":28},"end":{"line":46,"column":1}},"line":41}},"branchMap":{"0":{"loc":{"start":{"line":23,"column":0},"end":{"line":25,"column":1}},"type":"if","locations":[{"start":{"line":23,"column":0},"end":{"line":25,"column":1}},{"start":{},"end":{}}],"line":23}},"s":{"0":1,"1":1,"2":1,"3":0,"4":1,"5":1,"6":1,"7":1,"8":1,"9":0,"10":0,"11":1,"12":0},"f":{"0":0,"1":0},"b":{"0":[0,1]},"_coverageSchema":"1a1c01bbd47fc00a2c39e90264f33305004495a9","hash":"4a4357522f654eb01f5ac7f07cf573ac0a3f750a"}
,"/Users/andelarwanda/Desktop/mybrand-backend/controllers/authController.js": {"path":"/Users/andelarwanda/Desktop/mybrand-backend/controllers/authController.js","statementMap":{"0":{"start":{"line":8,"column":0},"end":{"line":8,"column":16}},"1":{"start":{"line":9,"column":24},"end":{"line":9,"column":30}},"2":{"start":{"line":11,"column":18},"end":{"line":15,"column":1}},"3":{"start":{"line":12,"column":2},"end":{"line":14,"column":5}},"4":{"start":{"line":17,"column":24},"end":{"line":27,"column":1}},"5":{"start":{"line":18,"column":16},"end":{"line":18,"column":35}},"6":{"start":{"line":20,"column":2},"end":{"line":26,"column":5}},"7":{"start":{"line":29,"column":22},"end":{"line":33,"column":2}},"8":{"start":{"line":30,"column":18},"end":{"line":30,"column":45}},"9":{"start":{"line":32,"column":2},"end":{"line":32,"column":37}},"10":{"start":{"line":35,"column":21},"end":{"line":49,"column":2}},"11":{"start":{"line":36,"column":30},"end":{"line":36,"column":38}},"12":{"start":{"line":38,"column":2},"end":{"line":40,"column":3}},"13":{"start":{"line":39,"column":4},"end":{"line":39,"column":73}},"14":{"start":{"line":42,"column":15},"end":{"line":42,"column":64}},"15":{"start":{"line":44,"column":2},"end":{"line":46,"column":3}},"16":{"start":{"line":45,"column":4},"end":{"line":45,"column":66}},"17":{"start":{"line":48,"column":2},"end":{"line":48,"column":34}},"18":{"start":{"line":51,"column":23},"end":{"line":80,"column":2}},"19":{"start":{"line":53,"column":2},"end":{"line":58,"column":3}},"20":{"start":{"line":57,"column":4},"end":{"line":57,"column":52}},"21":{"start":{"line":60,"column":2},"end":{"line":64,"column":3}},"22":{"start":{"line":61,"column":4},"end":{"line":63,"column":6}},"23":{"start":{"line":66,"column":18},"end":{"line":66,"column":76}},"24":{"start":{"line":68,"column":22},"end":{"line":68,"column":53}},"25":{"start":{"line":69,"column":2},"end":{"line":76,"column":3}},"26":{"start":{"line":70,"column":4},"end":{"line":75,"column":6}},"27":{"start":{"line":78,"column":2},"end":{"line":78,"column":25}},"28":{"start":{"line":79,"column":2},"end":{"line":79,"column":9}},"29":{"start":{"line":82,"column":22},"end":{"line":89,"column":1}},"30":{"start":{"line":83,"column":2},"end":{"line":86,"column":5}},"31":{"start":{"line":88,"column":2},"end":{"line":88,"column":46}},"32":{"start":{"line":91,"column":30},"end":{"line":115,"column":2}},"33":{"start":{"line":93,"column":15},"end":{"line":93,"column":60}},"34":{"start":{"line":95,"column":2},"end":{"line":97,"column":3}},"35":{"start":{"line":96,"column":4},"end":{"line":96,"column":75}},"36":{"start":{"line":100,"column":21},"end":{"line":103,"column":18}},"37":{"start":{"line":105,"column":2},"end":{"line":108,"column":19}},"38":{"start":{"line":110,"column":2},"end":{"line":110,"column":58}},"39":{"start":{"line":111,"column":2},"end":{"line":111,"column":49}},"40":{"start":{"line":114,"column":2},"end":{"line":114,"column":34}},"41":{"start":{"line":117,"column":29},"end":{"line":142,"column":1}},"42":{"start":{"line":118,"column":2},"end":{"line":141,"column":3}},"43":{"start":{"line":119,"column":17},"end":{"line":122,"column":6}},"44":{"start":{"line":125,"column":4},"end":{"line":129,"column":5}},"45":{"start":{"line":126,"column":6},"end":{"line":128,"column":9}},"46":{"start":{"line":132,"column":4},"end":{"line":132,"column":38}},"47":{"start":{"line":133,"column":4},"end":{"line":133,"column":40}},"48":{"start":{"line":134,"column":4},"end":{"line":134,"column":42}},"49":{"start":{"line":135,"column":4},"end":{"line":135,"column":22}},"50":{"start":{"line":138,"column":4},"end":{"line":138,"column":44}},"51":{"start":{"line":140,"column":4},"end":{"line":140,"column":16}},"52":{"start":{"line":144,"column":30},"end":{"line":161,"column":2}},"53":{"start":{"line":146,"column":15},"end":{"line":146,"column":67}},"54":{"start":{"line":149,"column":2},"end":{"line":151,"column":3}},"55":{"start":{"line":150,"column":4},"end":{"line":150,"column":70}},"56":{"start":{"line":154,"column":2},"end":{"line":154,"column":36}},"57":{"start":{"line":155,"column":2},"end":{"line":155,"column":50}},"58":{"start":{"line":156,"column":2},"end":{"line":156,"column":20}},"59":{"start":{"line":160,"column":2},"end":{"line":160,"column":34}}},"fnMap":{"0":{"name":"(anonymous_0)","decl":{"start":{"line":11,"column":18},"end":{"line":11,"column":19}},"loc":{"start":{"line":11,"column":26},"end":{"line":15,"column":1}},"line":11},"1":{"name":"(anonymous_1)","decl":{"start":{"line":17,"column":24},"end":{"line":17,"column":25}},"loc":{"start":{"line":17,"column":51},"end":{"line":27,"column":1}},"line":17},"2":{"name":"(anonymous_2)","decl":{"start":{"line":29,"column":33},"end":{"line":29,"column":34}},"loc":{"start":{"line":29,"column":59},"end":{"line":33,"column":1}},"line":29},"3":{"name":"(anonymous_3)","decl":{"start":{"line":35,"column":32},"end":{"line":35,"column":33}},"loc":{"start":{"line":35,"column":58},"end":{"line":49,"column":1}},"line":35},"4":{"name":"(anonymous_4)","decl":{"start":{"line":51,"column":34},"end":{"line":51,"column":35}},"loc":{"start":{"line":51,"column":60},"end":{"line":80,"column":1}},"line":51},"5":{"name":"(anonymous_5)","decl":{"start":{"line":82,"column":22},"end":{"line":82,"column":23}},"loc":{"start":{"line":82,"column":36},"end":{"line":89,"column":1}},"line":82},"6":{"name":"(anonymous_6)","decl":{"start":{"line":91,"column":41},"end":{"line":91,"column":42}},"loc":{"start":{"line":91,"column":67},"end":{"line":115,"column":1}},"line":91},"7":{"name":"(anonymous_7)","decl":{"start":{"line":117,"column":29},"end":{"line":117,"column":30}},"loc":{"start":{"line":117,"column":55},"end":{"line":142,"column":1}},"line":117},"8":{"name":"(anonymous_8)","decl":{"start":{"line":144,"column":41},"end":{"line":144,"column":42}},"loc":{"start":{"line":144,"column":67},"end":{"line":161,"column":1}},"line":144}},"branchMap":{"0":{"loc":{"start":{"line":38,"column":2},"end":{"line":40,"column":3}},"type":"if","locations":[{"start":{"line":38,"column":2},"end":{"line":40,"column":3}},{"start":{},"end":{}}],"line":38},"1":{"loc":{"start":{"line":38,"column":6},"end":{"line":38,"column":25}},"type":"binary-expr","locations":[{"start":{"line":38,"column":6},"end":{"line":38,"column":12}},{"start":{"line":38,"column":16},"end":{"line":38,"column":25}}],"line":38},"2":{"loc":{"start":{"line":44,"column":2},"end":{"line":46,"column":3}},"type":"if","locations":[{"start":{"line":44,"column":2},"end":{"line":46,"column":3}},{"start":{},"end":{}}],"line":44},"3":{"loc":{"start":{"line":44,"column":6},"end":{"line":44,"column":69}},"type":"binary-expr","locations":[{"start":{"line":44,"column":6},"end":{"line":44,"column":11}},{"start":{"line":44,"column":15},"end":{"line":44,"column":69}}],"line":44},"4":{"loc":{"start":{"line":53,"column":2},"end":{"line":58,"column":3}},"type":"if","locations":[{"start":{"line":53,"column":2},"end":{"line":58,"column":3}},{"start":{},"end":{}}],"line":53},"5":{"loc":{"start":{"line":54,"column":4},"end":{"line":55,"column":50}},"type":"binary-expr","locations":[{"start":{"line":54,"column":4},"end":{"line":54,"column":29}},{"start":{"line":55,"column":4},"end":{"line":55,"column":50}}],"line":54},"6":{"loc":{"start":{"line":60,"column":2},"end":{"line":64,"column":3}},"type":"if","locations":[{"start":{"line":60,"column":2},"end":{"line":64,"column":3}},{"start":{},"end":{}}],"line":60},"7":{"loc":{"start":{"line":69,"column":2},"end":{"line":76,"column":3}},"type":"if","locations":[{"start":{"line":69,"column":2},"end":{"line":76,"column":3}},{"start":{},"end":{}}],"line":69},"8":{"loc":{"start":{"line":95,"column":2},"end":{"line":97,"column":3}},"type":"if","locations":[{"start":{"line":95,"column":2},"end":{"line":97,"column":3}},{"start":{},"end":{}}],"line":95},"9":{"loc":{"start":{"line":125,"column":4},"end":{"line":129,"column":5}},"type":"if","locations":[{"start":{"line":125,"column":4},"end":{"line":129,"column":5}},{"start":{},"end":{}}],"line":125},"10":{"loc":{"start":{"line":149,"column":2},"end":{"line":151,"column":3}},"type":"if","locations":[{"start":{"line":149,"column":2},"end":{"line":151,"column":3}},{"start":{},"end":{}}],"line":149}},"s":{"0":1,"1":1,"2":1,"3":2,"4":1,"5":2,"6":2,"7":1,"8":1,"9":1,"10":1,"11":1,"12":1,"13":0,"14":1,"15":1,"16":0,"17":1,"18":1,"19":0,"20":0,"21":0,"22":0,"23":0,"24":0,"25":0,"26":0,"27":0,"28":0,"29":1,"30":0,"31":0,"32":1,"33":0,"34":0,"35":0,"36":0,"37":0,"38":0,"39":0,"40":0,"41":1,"42":0,"43":0,"44":0,"45":0,"46":0,"47":0,"48":0,"49":0,"50":0,"51":0,"52":1,"53":0,"54":0,"55":0,"56":0,"57":0,"58":0,"59":0},"f":{"0":2,"1":2,"2":1,"3":1,"4":0,"5":0,"6":0,"7":0,"8":0},"b":{"0":[0,1],"1":[1,1],"2":[0,1],"3":[1,1],"4":[0,0],"5":[0,0],"6":[0,0],"7":[0,0],"8":[0,0],"9":[0,0],"10":[0,0]},"_coverageSchema":"1a1c01bbd47fc00a2c39e90264f33305004495a9","hash":"1ede269c96552a91748fa4bb21484bfae5d9301c"}
,"/Users/andelarwanda/Desktop/mybrand-backend/controllers/blogController.js": {"path":"/Users/andelarwanda/Desktop/mybrand-backend/controllers/blogController.js","statementMap":{"0":{"start":{"line":9,"column":26},"end":{"line":18,"column":2}},"1":{"start":{"line":10,"column":18},"end":{"line":10,"column":45}},"2":{"start":{"line":12,"column":2},"end":{"line":17,"column":5}},"3":{"start":{"line":23,"column":27},"end":{"line":39,"column":2}},"4":{"start":{"line":24,"column":19},"end":{"line":28,"column":15}},"5":{"start":{"line":30,"column":16},"end":{"line":30,"column":36}},"6":{"start":{"line":32,"column":2},"end":{"line":38,"column":5}},"7":{"start":{"line":44,"column":23},"end":{"line":57,"column":2}},"8":{"start":{"line":45,"column":15},"end":{"line":45,"column":76}},"9":{"start":{"line":47,"column":2},"end":{"line":49,"column":3}},"10":{"start":{"line":48,"column":4},"end":{"line":48,"column":53}},"11":{"start":{"line":51,"column":2},"end":{"line":56,"column":5}},"12":{"start":{"line":62,"column":26},"end":{"line":78,"column":2}},"13":{"start":{"line":63,"column":15},"end":{"line":66,"column":4}},"14":{"start":{"line":68,"column":2},"end":{"line":70,"column":3}},"15":{"start":{"line":69,"column":4},"end":{"line":69,"column":53}},"16":{"start":{"line":72,"column":2},"end":{"line":77,"column":5}},"17":{"start":{"line":83,"column":26},"end":{"line":94,"column":2}},"18":{"start":{"line":84,"column":15},"end":{"line":84,"column":58}},"19":{"start":{"line":86,"column":2},"end":{"line":88,"column":3}},"20":{"start":{"line":87,"column":4},"end":{"line":87,"column":53}},"21":{"start":{"line":90,"column":2},"end":{"line":93,"column":5}},"22":{"start":{"line":99,"column":28},"end":{"line":123,"column":2}},"23":{"start":{"line":100,"column":16},"end":{"line":115,"column":4}},"24":{"start":{"line":117,"column":2},"end":{"line":122,"column":5}},"25":{"start":{"line":128,"column":29},"end":{"line":133,"column":1}},"26":{"start":{"line":129,"column":2},"end":{"line":129,"column":24}},"27":{"start":{"line":130,"column":2},"end":{"line":130,"column":38}},"28":{"start":{"line":131,"column":2},"end":{"line":131,"column":54}},"29":{"start":{"line":132,"column":2},"end":{"line":132,"column":9}}},"fnMap":{"0":{"name":"(anonymous_0)","decl":{"start":{"line":9,"column":37},"end":{"line":9,"column":38}},"loc":{"start":{"line":9,"column":63},"end":{"line":18,"column":1}},"line":9},"1":{"name":"(anonymous_1)","decl":{"start":{"line":23,"column":38},"end":{"line":23,"column":39}},"loc":{"start":{"line":23,"column":64},"end":{"line":39,"column":1}},"line":23},"2":{"name":"(anonymous_2)","decl":{"start":{"line":44,"column":34},"end":{"line":44,"column":35}},"loc":{"start":{"line":44,"column":60},"end":{"line":57,"column":1}},"line":44},"3":{"name":"(anonymous_3)","decl":{"start":{"line":62,"column":37},"end":{"line":62,"column":38}},"loc":{"start":{"line":62,"column":63},"end":{"line":78,"column":1}},"line":62},"4":{"name":"(anonymous_4)","decl":{"start":{"line":83,"column":37},"end":{"line":83,"column":38}},"loc":{"start":{"line":83,"column":63},"end":{"line":94,"column":1}},"line":83},"5":{"name":"(anonymous_5)","decl":{"start":{"line":99,"column":39},"end":{"line":99,"column":40}},"loc":{"start":{"line":99,"column":65},"end":{"line":123,"column":1}},"line":99},"6":{"name":"(anonymous_6)","decl":{"start":{"line":128,"column":29},"end":{"line":128,"column":30}},"loc":{"start":{"line":128,"column":49},"end":{"line":133,"column":1}},"line":128}},"branchMap":{"0":{"loc":{"start":{"line":47,"column":2},"end":{"line":49,"column":3}},"type":"if","locations":[{"start":{"line":47,"column":2},"end":{"line":49,"column":3}},{"start":{},"end":{}}],"line":47},"1":{"loc":{"start":{"line":68,"column":2},"end":{"line":70,"column":3}},"type":"if","locations":[{"start":{"line":68,"column":2},"end":{"line":70,"column":3}},{"start":{},"end":{}}],"line":68},"2":{"loc":{"start":{"line":86,"column":2},"end":{"line":88,"column":3}},"type":"if","locations":[{"start":{"line":86,"column":2},"end":{"line":88,"column":3}},{"start":{},"end":{}}],"line":86}},"s":{"0":1,"1":0,"2":0,"3":1,"4":0,"5":0,"6":0,"7":1,"8":0,"9":0,"10":0,"11":0,"12":1,"13":0,"14":0,"15":0,"16":0,"17":1,"18":0,"19":0,"20":0,"21":0,"22":1,"23":0,"24":0,"25":1,"26":0,"27":0,"28":0,"29":0},"f":{"0":0,"1":0,"2":0,"3":0,"4":0,"5":0,"6":0},"b":{"0":[0,0],"1":[0,0],"2":[0,0]},"_coverageSchema":"1a1c01bbd47fc00a2c39e90264f33305004495a9","hash":"2cac308e00bbf384c0c131239f3c21f44f0345c0"}
,"/Users/andelarwanda/Desktop/mybrand-backend/controllers/commentController.js": {"path":"/Users/andelarwanda/Desktop/mybrand-backend/controllers/commentController.js","statementMap":{"0":{"start":{"line":6,"column":30},"end":{"line":16,"column":2}},"1":{"start":{"line":7,"column":19},"end":{"line":7,"column":66}},"2":{"start":{"line":9,"column":2},"end":{"line":15,"column":5}},"3":{"start":{"line":19,"column":29},"end":{"line":44,"column":2}},"4":{"start":{"line":21,"column":15},"end":{"line":21,"column":53}},"5":{"start":{"line":24,"column":2},"end":{"line":29,"column":3}},"6":{"start":{"line":25,"column":4},"end":{"line":28,"column":7}},"7":{"start":{"line":32,"column":18},"end":{"line":36,"column":4}},"8":{"start":{"line":38,"column":2},"end":{"line":43,"column":5}},"9":{"start":{"line":47,"column":29},"end":{"line":73,"column":2}},"10":{"start":{"line":48,"column":18},"end":{"line":48,"column":62}},"11":{"start":{"line":50,"column":2},"end":{"line":55,"column":3}},"12":{"start":{"line":51,"column":4},"end":{"line":54,"column":7}},"13":{"start":{"line":57,"column":2},"end":{"line":62,"column":3}},"14":{"start":{"line":58,"column":4},"end":{"line":61,"column":7}},"15":{"start":{"line":64,"column":2},"end":{"line":64,"column":31}},"16":{"start":{"line":65,"column":2},"end":{"line":65,"column":23}},"17":{"start":{"line":67,"column":2},"end":{"line":72,"column":5}},"18":{"start":{"line":76,"column":29},"end":{"line":99,"column":2}},"19":{"start":{"line":77,"column":18},"end":{"line":77,"column":62}},"20":{"start":{"line":79,"column":2},"end":{"line":84,"column":3}},"21":{"start":{"line":80,"column":4},"end":{"line":83,"column":7}},"22":{"start":{"line":86,"column":2},"end":{"line":91,"column":3}},"23":{"start":{"line":87,"column":4},"end":{"line":90,"column":7}},"24":{"start":{"line":93,"column":2},"end":{"line":93,"column":25}},"25":{"start":{"line":95,"column":2},"end":{"line":98,"column":5}}},"fnMap":{"0":{"name":"(anonymous_0)","decl":{"start":{"line":6,"column":41},"end":{"line":6,"column":42}},"loc":{"start":{"line":6,"column":67},"end":{"line":16,"column":1}},"line":6},"1":{"name":"(anonymous_1)","decl":{"start":{"line":19,"column":40},"end":{"line":19,"column":41}},"loc":{"start":{"line":19,"column":66},"end":{"line":44,"column":1}},"line":19},"2":{"name":"(anonymous_2)","decl":{"start":{"line":47,"column":40},"end":{"line":47,"column":41}},"loc":{"start":{"line":47,"column":66},"end":{"line":73,"column":1}},"line":47},"3":{"name":"(anonymous_3)","decl":{"start":{"line":76,"column":40},"end":{"line":76,"column":41}},"loc":{"start":{"line":76,"column":66},"end":{"line":99,"column":1}},"line":76}},"branchMap":{"0":{"loc":{"start":{"line":24,"column":2},"end":{"line":29,"column":3}},"type":"if","locations":[{"start":{"line":24,"column":2},"end":{"line":29,"column":3}},{"start":{},"end":{}}],"line":24},"1":{"loc":{"start":{"line":50,"column":2},"end":{"line":55,"column":3}},"type":"if","locations":[{"start":{"line":50,"column":2},"end":{"line":55,"column":3}},{"start":{},"end":{}}],"line":50},"2":{"loc":{"start":{"line":57,"column":2},"end":{"line":62,"column":3}},"type":"if","locations":[{"start":{"line":57,"column":2},"end":{"line":62,"column":3}},{"start":{},"end":{}}],"line":57},"3":{"loc":{"start":{"line":79,"column":2},"end":{"line":84,"column":3}},"type":"if","locations":[{"start":{"line":79,"column":2},"end":{"line":84,"column":3}},{"start":{},"end":{}}],"line":79},"4":{"loc":{"start":{"line":86,"column":2},"end":{"line":91,"column":3}},"type":"if","locations":[{"start":{"line":86,"column":2},"end":{"line":91,"column":3}},{"start":{},"end":{}}],"line":86}},"s":{"0":1,"1":0,"2":0,"3":1,"4":0,"5":0,"6":0,"7":0,"8":0,"9":1,"10":0,"11":0,"12":0,"13":0,"14":0,"15":0,"16":0,"17":0,"18":1,"19":0,"20":0,"21":0,"22":0,"23":0,"24":0,"25":0},"f":{"0":0,"1":0,"2":0,"3":0},"b":{"0":[0,0],"1":[0,0],"2":[0,0],"3":[0,0],"4":[0,0]},"_coverageSchema":"1a1c01bbd47fc00a2c39e90264f33305004495a9","hash":"9e3f367d8520bac5bea41ade913b3c5b5e9cbbf1"}
,"/Users/andelarwanda/Desktop/mybrand-backend/controllers/handlerFactory.js": {"path":"/Users/andelarwanda/Desktop/mybrand-backend/controllers/handlerFactory.js","statementMap":{"0":{"start":{"line":5,"column":22},"end":{"line":21,"column":4}},"1":{"start":{"line":6,"column":2},"end":{"line":21,"column":4}},"2":{"start":{"line":7,"column":16},"end":{"line":7,"column":45}},"3":{"start":{"line":8,"column":4},"end":{"line":8,"column":55}},"4":{"start":{"line":8,"column":20},"end":{"line":8,"column":55}},"5":{"start":{"line":9,"column":16},"end":{"line":9,"column":27}},"6":{"start":{"line":11,"column":4},"end":{"line":13,"column":5}},"7":{"start":{"line":12,"column":6},"end":{"line":12,"column":71}},"8":{"start":{"line":15,"column":4},"end":{"line":20,"column":7}},"9":{"start":{"line":24,"column":22},"end":{"line":41,"column":4}},"10":{"start":{"line":25,"column":2},"end":{"line":41,"column":4}},"11":{"start":{"line":26,"column":21},"end":{"line":30,"column":17}},"12":{"start":{"line":32,"column":17},"end":{"line":32,"column":37}},"13":{"start":{"line":34,"column":4},"end":{"line":40,"column":7}},"14":{"start":{"line":44,"column":25},"end":{"line":54,"column":4}},"15":{"start":{"line":45,"column":2},"end":{"line":54,"column":4}},"16":{"start":{"line":46,"column":16},"end":{"line":46,"column":44}},"17":{"start":{"line":48,"column":4},"end":{"line":53,"column":7}},"18":{"start":{"line":57,"column":25},"end":{"line":74,"column":4}},"19":{"start":{"line":58,"column":2},"end":{"line":74,"column":4}},"20":{"start":{"line":59,"column":16},"end":{"line":62,"column":6}},"21":{"start":{"line":64,"column":4},"end":{"line":66,"column":5}},"22":{"start":{"line":65,"column":6},"end":{"line":65,"column":71}},"23":{"start":{"line":68,"column":4},"end":{"line":73,"column":7}},"24":{"start":{"line":77,"column":25},"end":{"line":89,"column":4}},"25":{"start":{"line":78,"column":2},"end":{"line":89,"column":4}},"26":{"start":{"line":79,"column":16},"end":{"line":79,"column":60}},"27":{"start":{"line":81,"column":4},"end":{"line":83,"column":5}},"28":{"start":{"line":82,"column":6},"end":{"line":82,"column":71}},"29":{"start":{"line":85,"column":4},"end":{"line":88,"column":7}}},"fnMap":{"0":{"name":"(anonymous_0)","decl":{"start":{"line":5,"column":22},"end":{"line":5,"column":23}},"loc":{"start":{"line":6,"column":2},"end":{"line":21,"column":4}},"line":6},"1":{"name":"(anonymous_1)","decl":{"start":{"line":6,"column":13},"end":{"line":6,"column":14}},"loc":{"start":{"line":6,"column":39},"end":{"line":21,"column":3}},"line":6},"2":{"name":"(anonymous_2)","decl":{"start":{"line":24,"column":22},"end":{"line":24,"column":23}},"loc":{"start":{"line":25,"column":2},"end":{"line":41,"column":4}},"line":25},"3":{"name":"(anonymous_3)","decl":{"start":{"line":25,"column":13},"end":{"line":25,"column":14}},"loc":{"start":{"line":25,"column":39},"end":{"line":41,"column":3}},"line":25},"4":{"name":"(anonymous_4)","decl":{"start":{"line":44,"column":25},"end":{"line":44,"column":26}},"loc":{"start":{"line":45,"column":2},"end":{"line":54,"column":4}},"line":45},"5":{"name":"(anonymous_5)","decl":{"start":{"line":45,"column":13},"end":{"line":45,"column":14}},"loc":{"start":{"line":45,"column":39},"end":{"line":54,"column":3}},"line":45},"6":{"name":"(anonymous_6)","decl":{"start":{"line":57,"column":25},"end":{"line":57,"column":26}},"loc":{"start":{"line":58,"column":2},"end":{"line":74,"column":4}},"line":58},"7":{"name":"(anonymous_7)","decl":{"start":{"line":58,"column":13},"end":{"line":58,"column":14}},"loc":{"start":{"line":58,"column":39},"end":{"line":74,"column":3}},"line":58},"8":{"name":"(anonymous_8)","decl":{"start":{"line":77,"column":25},"end":{"line":77,"column":26}},"loc":{"start":{"line":78,"column":2},"end":{"line":89,"column":4}},"line":78},"9":{"name":"(anonymous_9)","decl":{"start":{"line":78,"column":13},"end":{"line":78,"column":14}},"loc":{"start":{"line":78,"column":39},"end":{"line":89,"column":3}},"line":78}},"branchMap":{"0":{"loc":{"start":{"line":8,"column":4},"end":{"line":8,"column":55}},"type":"if","locations":[{"start":{"line":8,"column":4},"end":{"line":8,"column":55}},{"start":{},"end":{}}],"line":8},"1":{"loc":{"start":{"line":11,"column":4},"end":{"line":13,"column":5}},"type":"if","locations":[{"start":{"line":11,"column":4},"end":{"line":13,"column":5}},{"start":{},"end":{}}],"line":11},"2":{"loc":{"start":{"line":64,"column":4},"end":{"line":66,"column":5}},"type":"if","locations":[{"start":{"line":64,"column":4},"end":{"line":66,"column":5}},{"start":{},"end":{}}],"line":64},"3":{"loc":{"start":{"line":81,"column":4},"end":{"line":83,"column":5}},"type":"if","locations":[{"start":{"line":81,"column":4},"end":{"line":83,"column":5}},{"start":{},"end":{}}],"line":81}},"s":{"0":1,"1":0,"2":0,"3":0,"4":0,"5":0,"6":0,"7":0,"8":0,"9":1,"10":1,"11":0,"12":0,"13":0,"14":1,"15":1,"16":0,"17":0,"18":1,"19":1,"20":0,"21":0,"22":0,"23":0,"24":1,"25":1,"26":0,"27":0,"28":0,"29":0},"f":{"0":0,"1":0,"2":1,"3":0,"4":1,"5":0,"6":1,"7":0,"8":1,"9":0},"b":{"0":[0,0],"1":[0,0],"2":[0,0],"3":[0,0]},"_coverageSchema":"1a1c01bbd47fc00a2c39e90264f33305004495a9","hash":"3a904fd44257995f8be5ddb53b7b615536226514"}
,"/Users/andelarwanda/Desktop/mybrand-backend/controllers/userController.js": {"path":"/Users/andelarwanda/Desktop/mybrand-backend/controllers/userController.js","statementMap":{"0":{"start":{"line":11,"column":17},"end":{"line":11,"column":44}},"1":{"start":{"line":13,"column":21},"end":{"line":16,"column":1}},"2":{"start":{"line":14,"column":2},"end":{"line":14,"column":30}},"3":{"start":{"line":15,"column":2},"end":{"line":15,"column":9}},"4":{"start":{"line":18,"column":23},"end":{"line":31,"column":2}},"5":{"start":{"line":19,"column":15},"end":{"line":19,"column":49}},"6":{"start":{"line":21,"column":2},"end":{"line":23,"column":3}},"7":{"start":{"line":22,"column":4},"end":{"line":22,"column":65}},"8":{"start":{"line":25,"column":2},"end":{"line":30,"column":5}},"9":{"start":{"line":33,"column":31},"end":{"line":52,"column":2}},"10":{"start":{"line":34,"column":2},"end":{"line":36,"column":3}},"11":{"start":{"line":35,"column":4},"end":{"line":35,"column":59}},"12":{"start":{"line":38,"column":17},"end":{"line":42,"column":4}},"13":{"start":{"line":44,"column":2},"end":{"line":44,"column":74}},"14":{"start":{"line":46,"column":2},"end":{"line":51,"column":5}},"15":{"start":{"line":54,"column":31},"end":{"line":68,"column":2}},"16":{"start":{"line":55,"column":2},"end":{"line":57,"column":3}},"17":{"start":{"line":56,"column":4},"end":{"line":56,"column":18}},"18":{"start":{"line":59,"column":2},"end":{"line":59,"column":63}},"19":{"start":{"line":61,"column":2},"end":{"line":65,"column":4}},"20":{"start":{"line":67,"column":2},"end":{"line":67,"column":9}},"21":{"start":{"line":70,"column":24},"end":{"line":99,"column":2}},"22":{"start":{"line":72,"column":2},"end":{"line":79,"column":3}},"23":{"start":{"line":73,"column":4},"end":{"line":78,"column":6}},"24":{"start":{"line":82,"column":23},"end":{"line":82,"column":59}},"25":{"start":{"line":83,"column":2},"end":{"line":85,"column":3}},"26":{"start":{"line":84,"column":4},"end":{"line":84,"column":43}},"27":{"start":{"line":88,"column":22},"end":{"line":91,"column":4}},"28":{"start":{"line":93,"column":2},"end":{"line":98,"column":5}},"29":{"start":{"line":101,"column":24},"end":{"line":108,"column":2}},"30":{"start":{"line":102,"column":2},"end":{"line":102,"column":44}},"31":{"start":{"line":104,"column":2},"end":{"line":107,"column":5}},"32":{"start":{"line":110,"column":27},"end":{"line":110,"column":39}},"33":{"start":{"line":112,"column":26},"end":{"line":112,"column":41}},"34":{"start":{"line":114,"column":26},"end":{"line":114,"column":41}},"35":{"start":{"line":116,"column":26},"end":{"line":116,"column":41}}},"fnMap":{"0":{"name":"(anonymous_0)","decl":{"start":{"line":13,"column":21},"end":{"line":13,"column":22}},"loc":{"start":{"line":13,"column":41},"end":{"line":16,"column":1}},"line":13},"1":{"name":"(anonymous_1)","decl":{"start":{"line":18,"column":34},"end":{"line":18,"column":35}},"loc":{"start":{"line":18,"column":60},"end":{"line":31,"column":1}},"line":18},"2":{"name":"(anonymous_2)","decl":{"start":{"line":33,"column":42},"end":{"line":33,"column":43}},"loc":{"start":{"line":33,"column":68},"end":{"line":52,"column":1}},"line":33},"3":{"name":"(anonymous_3)","decl":{"start":{"line":54,"column":42},"end":{"line":54,"column":43}},"loc":{"start":{"line":54,"column":68},"end":{"line":68,"column":1}},"line":54},"4":{"name":"(anonymous_4)","decl":{"start":{"line":70,"column":35},"end":{"line":70,"column":36}},"loc":{"start":{"line":70,"column":61},"end":{"line":99,"column":1}},"line":70},"5":{"name":"(anonymous_5)","decl":{"start":{"line":101,"column":35},"end":{"line":101,"column":36}},"loc":{"start":{"line":101,"column":61},"end":{"line":108,"column":1}},"line":101}},"branchMap":{"0":{"loc":{"start":{"line":21,"column":2},"end":{"line":23,"column":3}},"type":"if","locations":[{"start":{"line":21,"column":2},"end":{"line":23,"column":3}},{"start":{},"end":{}}],"line":21},"1":{"loc":{"start":{"line":34,"column":2},"end":{"line":36,"column":3}},"type":"if","locations":[{"start":{"line":34,"column":2},"end":{"line":36,"column":3}},{"start":{},"end":{}}],"line":34},"2":{"loc":{"start":{"line":55,"column":2},"end":{"line":57,"column":3}},"type":"if","locations":[{"start":{"line":55,"column":2},"end":{"line":57,"column":3}},{"start":{},"end":{}}],"line":55},"3":{"loc":{"start":{"line":72,"column":2},"end":{"line":79,"column":3}},"type":"if","locations":[{"start":{"line":72,"column":2},"end":{"line":79,"column":3}},{"start":{},"end":{}}],"line":72},"4":{"loc":{"start":{"line":72,"column":6},"end":{"line":72,"column":51}},"type":"binary-expr","locations":[{"start":{"line":72,"column":6},"end":{"line":72,"column":23}},{"start":{"line":72,"column":27},"end":{"line":72,"column":51}}],"line":72},"5":{"loc":{"start":{"line":83,"column":2},"end":{"line":85,"column":3}},"type":"if","locations":[{"start":{"line":83,"column":2},"end":{"line":85,"column":3}},{"start":{},"end":{}}],"line":83}},"s":{"0":1,"1":1,"2":0,"3":0,"4":1,"5":0,"6":0,"7":0,"8":0,"9":1,"10":0,"11":0,"12":0,"13":0,"14":0,"15":1,"16":0,"17":0,"18":0,"19":0,"20":0,"21":1,"22":0,"23":0,"24":0,"25":0,"26":0,"27":0,"28":0,"29":1,"30":1,"31":1,"32":1,"33":1,"34":1,"35":1},"f":{"0":0,"1":0,"2":0,"3":0,"4":0,"5":1},"b":{"0":[0,0],"1":[0,0],"2":[0,0],"3":[0,0],"4":[0,0],"5":[0,0]},"_coverageSchema":"1a1c01bbd47fc00a2c39e90264f33305004495a9","hash":"3c217e415c2c94391d234d29d63654a456172b63"}
,"/Users/andelarwanda/Desktop/mybrand-backend/middleware/authMiddleware.js": {"path":"/Users/andelarwanda/Desktop/mybrand-backend/middleware/authMiddleware.js","statementMap":{"0":{"start":{"line":6,"column":23},"end":{"line":55,"column":1}},"1":{"start":{"line":7,"column":2},"end":{"line":54,"column":3}},"2":{"start":{"line":9,"column":16},"end":{"line":9,"column":20}},"3":{"start":{"line":10,"column":4},"end":{"line":17,"column":5}},"4":{"start":{"line":14,"column":6},"end":{"line":14,"column":54}},"5":{"start":{"line":15,"column":11},"end":{"line":17,"column":5}},"6":{"start":{"line":16,"column":6},"end":{"line":16,"column":30}},"7":{"start":{"line":19,"column":4},"end":{"line":24,"column":5}},"8":{"start":{"line":20,"column":6},"end":{"line":23,"column":9}},"9":{"start":{"line":27,"column":20},"end":{"line":27,"column":78}},"10":{"start":{"line":30,"column":24},"end":{"line":30,"column":55}},"11":{"start":{"line":31,"column":4},"end":{"line":36,"column":5}},"12":{"start":{"line":32,"column":6},"end":{"line":35,"column":9}},"13":{"start":{"line":39,"column":4},"end":{"line":44,"column":5}},"14":{"start":{"line":40,"column":6},"end":{"line":43,"column":9}},"15":{"start":{"line":47,"column":4},"end":{"line":47,"column":27}},"16":{"start":{"line":48,"column":4},"end":{"line":48,"column":11}},"17":{"start":{"line":50,"column":4},"end":{"line":53,"column":7}},"18":{"start":{"line":58,"column":26},"end":{"line":68,"column":1}},"19":{"start":{"line":59,"column":2},"end":{"line":67,"column":4}},"20":{"start":{"line":60,"column":4},"end":{"line":65,"column":5}},"21":{"start":{"line":61,"column":6},"end":{"line":64,"column":9}},"22":{"start":{"line":66,"column":4},"end":{"line":66,"column":11}}},"fnMap":{"0":{"name":"(anonymous_0)","decl":{"start":{"line":6,"column":23},"end":{"line":6,"column":24}},"loc":{"start":{"line":6,"column":49},"end":{"line":55,"column":1}},"line":6},"1":{"name":"(anonymous_1)","decl":{"start":{"line":58,"column":26},"end":{"line":58,"column":27}},"loc":{"start":{"line":58,"column":40},"end":{"line":68,"column":1}},"line":58},"2":{"name":"(anonymous_2)","decl":{"start":{"line":59,"column":9},"end":{"line":59,"column":10}},"loc":{"start":{"line":59,"column":29},"end":{"line":67,"column":3}},"line":59}},"branchMap":{"0":{"loc":{"start":{"line":10,"column":4},"end":{"line":17,"column":5}},"type":"if","locations":[{"start":{"line":10,"column":4},"end":{"line":17,"column":5}},{"start":{"line":15,"column":11},"end":{"line":17,"column":5}}],"line":10},"1":{"loc":{"start":{"line":11,"column":6},"end":{"line":12,"column":52}},"type":"binary-expr","locations":[{"start":{"line":11,"column":6},"end":{"line":11,"column":31}},{"start":{"line":12,"column":6},"end":{"line":12,"column":52}}],"line":11},"2":{"loc":{"start":{"line":15,"column":11},"end":{"line":17,"column":5}},"type":"if","locations":[{"start":{"line":15,"column":11},"end":{"line":17,"column":5}},{"start":{},"end":{}}],"line":15},"3":{"loc":{"start":{"line":19,"column":4},"end":{"line":24,"column":5}},"type":"if","locations":[{"start":{"line":19,"column":4},"end":{"line":24,"column":5}},{"start":{},"end":{}}],"line":19},"4":{"loc":{"start":{"line":31,"column":4},"end":{"line":36,"column":5}},"type":"if","locations":[{"start":{"line":31,"column":4},"end":{"line":36,"column":5}},{"start":{},"end":{}}],"line":31},"5":{"loc":{"start":{"line":39,"column":4},"end":{"line":44,"column":5}},"type":"if","locations":[{"start":{"line":39,"column":4},"end":{"line":44,"column":5}},{"start":{},"end":{}}],"line":39},"6":{"loc":{"start":{"line":60,"column":4},"end":{"line":65,"column":5}},"type":"if","locations":[{"start":{"line":60,"column":4},"end":{"line":65,"column":5}},{"start":{},"end":{}}],"line":60}},"s":{"0":1,"1":1,"2":1,"3":1,"4":1,"5":0,"6":0,"7":1,"8":0,"9":1,"10":1,"11":1,"12":0,"13":1,"14":0,"15":1,"16":1,"17":0,"18":1,"19":6,"20":0,"21":0,"22":0},"f":{"0":1,"1":6,"2":0},"b":{"0":[1,0],"1":[1,1],"2":[0,0],"3":[0,1],"4":[0,1],"5":[0,1],"6":[0,0]},"_coverageSchema":"1a1c01bbd47fc00a2c39e90264f33305004495a9","hash":"54598f1fdd99168c57f762b60416092a23f6c9a8"}
,"/Users/andelarwanda/Desktop/mybrand-backend/models/blogModels.js": {"path":"/Users/andelarwanda/Desktop/mybrand-backend/models/blogModels.js","statementMap":{"0":{"start":{"line":4,"column":19},"end":{"line":57,"column":1}},"1":{"start":{"line":59,"column":0},"end":{"line":59,"column":32}},"2":{"start":{"line":60,"column":0},"end":{"line":60,"column":30}},"3":{"start":{"line":63,"column":0},"end":{"line":67,"column":3}},"4":{"start":{"line":69,"column":0},"end":{"line":72,"column":3}},"5":{"start":{"line":70,"column":2},"end":{"line":70,"column":51}},"6":{"start":{"line":71,"column":2},"end":{"line":71,"column":9}},"7":{"start":{"line":74,"column":0},"end":{"line":79,"column":3}},"8":{"start":{"line":75,"column":2},"end":{"line":75,"column":43}},"9":{"start":{"line":77,"column":2},"end":{"line":77,"column":26}},"10":{"start":{"line":78,"column":2},"end":{"line":78,"column":9}},"11":{"start":{"line":81,"column":0},"end":{"line":88,"column":3}},"12":{"start":{"line":82,"column":2},"end":{"line":85,"column":5}},"13":{"start":{"line":87,"column":2},"end":{"line":87,"column":9}},"14":{"start":{"line":90,"column":13},"end":{"line":90,"column":38}}},"fnMap":{"0":{"name":"(anonymous_0)","decl":{"start":{"line":69,"column":23},"end":{"line":69,"column":24}},"loc":{"start":{"line":69,"column":39},"end":{"line":72,"column":1}},"line":69},"1":{"name":"(anonymous_1)","decl":{"start":{"line":74,"column":24},"end":{"line":74,"column":25}},"loc":{"start":{"line":74,"column":40},"end":{"line":79,"column":1}},"line":74},"2":{"name":"(anonymous_2)","decl":{"start":{"line":81,"column":24},"end":{"line":81,"column":25}},"loc":{"start":{"line":81,"column":40},"end":{"line":88,"column":1}},"line":81}},"branchMap":{},"s":{"0":1,"1":1,"2":1,"3":1,"4":1,"5":0,"6":0,"7":1,"8":0,"9":0,"10":0,"11":1,"12":0,"13":0,"14":1},"f":{"0":0,"1":0,"2":0},"b":{},"_coverageSchema":"1a1c01bbd47fc00a2c39e90264f33305004495a9","hash":"e7a61d31722af8e0a50d7214cb42b7317c3ffb87"}
,"/Users/andelarwanda/Desktop/mybrand-backend/models/commentModels.js": {"path":"/Users/andelarwanda/Desktop/mybrand-backend/models/commentModels.js","statementMap":{"0":{"start":{"line":3,"column":22},"end":{"line":34,"column":1}},"1":{"start":{"line":36,"column":0},"end":{"line":36,"column":42}},"2":{"start":{"line":38,"column":0},"end":{"line":45,"column":3}},"3":{"start":{"line":39,"column":2},"end":{"line":42,"column":5}},"4":{"start":{"line":44,"column":2},"end":{"line":44,"column":9}},"5":{"start":{"line":47,"column":16},"end":{"line":47,"column":56}}},"fnMap":{"0":{"name":"(anonymous_0)","decl":{"start":{"line":38,"column":27},"end":{"line":38,"column":28}},"loc":{"start":{"line":38,"column":43},"end":{"line":45,"column":1}},"line":38}},"branchMap":{},"s":{"0":1,"1":1,"2":1,"3":0,"4":0,"5":1},"f":{"0":0},"b":{},"_coverageSchema":"1a1c01bbd47fc00a2c39e90264f33305004495a9","hash":"2a6d1857f72b3f44f118a885e8c9e85c4e6aa14d"}
,"/Users/andelarwanda/Desktop/mybrand-backend/models/userModels.js": {"path":"/Users/andelarwanda/Desktop/mybrand-backend/models/userModels.js","statementMap":{"0":{"start":{"line":6,"column":19},"end":{"line":52,"column":2}},"1":{"start":{"line":30,"column":8},"end":{"line":30,"column":33}},"2":{"start":{"line":39,"column":8},"end":{"line":39,"column":36}},"3":{"start":{"line":55,"column":21},"end":{"line":65,"column":1}},"4":{"start":{"line":56,"column":17},"end":{"line":63,"column":4}},"5":{"start":{"line":64,"column":2},"end":{"line":64,"column":31}},"6":{"start":{"line":67,"column":0},"end":{"line":77,"column":3}},"7":{"start":{"line":69,"column":2},"end":{"line":69,"column":50}},"8":{"start":{"line":69,"column":36},"end":{"line":69,"column":50}},"9":{"start":{"line":72,"column":2},"end":{"line":72,"column":55}},"10":{"start":{"line":75,"column":2},"end":{"line":75,"column":35}},"11":{"start":{"line":76,"column":2},"end":{"line":76,"column":9}},"12":{"start":{"line":79,"column":0},"end":{"line":84,"column":3}},"13":{"start":{"line":80,"column":2},"end":{"line":80,"column":64}},"14":{"start":{"line":80,"column":50},"end":{"line":80,"column":64}},"15":{"start":{"line":82,"column":2},"end":{"line":82,"column":45}},"16":{"start":{"line":83,"column":2},"end":{"line":83,"column":9}},"17":{"start":{"line":86,"column":0},"end":{"line":90,"column":3}},"18":{"start":{"line":88,"column":2},"end":{"line":88,"column":40}},"19":{"start":{"line":89,"column":2},"end":{"line":89,"column":9}},"20":{"start":{"line":92,"column":0},"end":{"line":102,"column":2}},"21":{"start":{"line":96,"column":2},"end":{"line":101,"column":3}},"22":{"start":{"line":97,"column":4},"end":{"line":97,"column":65}},"23":{"start":{"line":99,"column":4},"end":{"line":99,"column":23}},"24":{"start":{"line":100,"column":4},"end":{"line":100,"column":17}},"25":{"start":{"line":104,"column":0},"end":{"line":116,"column":2}},"26":{"start":{"line":105,"column":2},"end":{"line":112,"column":3}},"27":{"start":{"line":106,"column":29},"end":{"line":109,"column":5}},"28":{"start":{"line":111,"column":4},"end":{"line":111,"column":43}},"29":{"start":{"line":115,"column":2},"end":{"line":115,"column":15}},"30":{"start":{"line":118,"column":0},"end":{"line":128,"column":2}},"31":{"start":{"line":119,"column":21},"end":{"line":119,"column":52}},"32":{"start":{"line":121,"column":2},"end":{"line":123,"column":19}},"33":{"start":{"line":125,"column":2},"end":{"line":125,"column":58}},"34":{"start":{"line":127,"column":2},"end":{"line":127,"column":20}},"35":{"start":{"line":130,"column":13},"end":{"line":130,"column":38}}},"fnMap":{"0":{"name":"(anonymous_0)","decl":{"start":{"line":29,"column":17},"end":{"line":29,"column":18}},"loc":{"start":{"line":29,"column":34},"end":{"line":31,"column":7}},"line":29},"1":{"name":"(anonymous_1)","decl":{"start":{"line":38,"column":17},"end":{"line":38,"column":18}},"loc":{"start":{"line":38,"column":31},"end":{"line":40,"column":7}},"line":38},"2":{"name":"(anonymous_2)","decl":{"start":{"line":55,"column":21},"end":{"line":55,"column":22}},"loc":{"start":{"line":55,"column":31},"end":{"line":65,"column":1}},"line":55},"3":{"name":"(anonymous_3)","decl":{"start":{"line":67,"column":23},"end":{"line":67,"column":24}},"loc":{"start":{"line":67,"column":45},"end":{"line":77,"column":1}},"line":67},"4":{"name":"(anonymous_4)","decl":{"start":{"line":79,"column":23},"end":{"line":79,"column":24}},"loc":{"start":{"line":79,"column":39},"end":{"line":84,"column":1}},"line":79},"5":{"name":"(anonymous_5)","decl":{"start":{"line":86,"column":24},"end":{"line":86,"column":25}},"loc":{"start":{"line":86,"column":40},"end":{"line":90,"column":1}},"line":86},"6":{"name":"(anonymous_6)","decl":{"start":{"line":92,"column":37},"end":{"line":92,"column":38}},"loc":{"start":{"line":95,"column":2},"end":{"line":102,"column":1}},"line":95},"7":{"name":"(anonymous_7)","decl":{"start":{"line":104,"column":42},"end":{"line":104,"column":43}},"loc":{"start":{"line":104,"column":66},"end":{"line":116,"column":1}},"line":104},"8":{"name":"(anonymous_8)","decl":{"start":{"line":118,"column":46},"end":{"line":118,"column":47}},"loc":{"start":{"line":118,"column":58},"end":{"line":128,"column":1}},"line":118}},"branchMap":{"0":{"loc":{"start":{"line":69,"column":2},"end":{"line":69,"column":50}},"type":"if","locations":[{"start":{"line":69,"column":2},"end":{"line":69,"column":50}},{"start":{},"end":{}}],"line":69},"1":{"loc":{"start":{"line":80,"column":2},"end":{"line":80,"column":64}},"type":"if","locations":[{"start":{"line":80,"column":2},"end":{"line":80,"column":64}},{"start":{},"end":{}}],"line":80},"2":{"loc":{"start":{"line":80,"column":6},"end":{"line":80,"column":48}},"type":"binary-expr","locations":[{"start":{"line":80,"column":6},"end":{"line":80,"column":34}},{"start":{"line":80,"column":38},"end":{"line":80,"column":48}}],"line":80},"3":{"loc":{"start":{"line":105,"column":2},"end":{"line":112,"column":3}},"type":"if","locations":[{"start":{"line":105,"column":2},"end":{"line":112,"column":3}},{"start":{},"end":{}}],"line":105}},"s":{"0":1,"1":1,"2":1,"3":1,"4":0,"5":0,"6":1,"7":1,"8":0,"9":1,"10":1,"11":1,"12":1,"13":1,"14":1,"15":0,"16":0,"17":1,"18":3,"19":3,"20":1,"21":1,"22":1,"23":0,"24":0,"25":1,"26":1,"27":0,"28":0,"29":1,"30":1,"31":0,"32":0,"33":0,"34":0,"35":1},"f":{"0":1,"1":1,"2":0,"3":1,"4":1,"5":3,"6":1,"7":1,"8":0},"b":{"0":[0,1],"1":[1,0],"2":[1,1],"3":[0,1]},"_coverageSchema":"1a1c01bbd47fc00a2c39e90264f33305004495a9","hash":"0203aa373578a8219c4c5c14d71e4d5518f54f2a"}
,"/Users/andelarwanda/Desktop/mybrand-backend/routes/blogRoutes.js": {"path":"/Users/andelarwanda/Desktop/mybrand-backend/routes/blogRoutes.js","statementMap":{"0":{"start":{"line":15,"column":15},"end":{"line":15,"column":23}},"1":{"start":{"line":18,"column":0},"end":{"line":18,"column":47}},"2":{"start":{"line":25,"column":22},"end":{"line":33,"column":2}},"3":{"start":{"line":27,"column":4},"end":{"line":27,"column":33}},"4":{"start":{"line":30,"column":16},"end":{"line":30,"column":43}},"5":{"start":{"line":31,"column":4},"end":{"line":31,"column":57}},"6":{"start":{"line":36,"column":21},"end":{"line":42,"column":1}},"7":{"start":{"line":37,"column":2},"end":{"line":41,"column":3}},"8":{"start":{"line":38,"column":4},"end":{"line":38,"column":19}},"9":{"start":{"line":40,"column":4},"end":{"line":40,"column":69}},"10":{"start":{"line":45,"column":15},"end":{"line":48,"column":2}},"11":{"start":{"line":50,"column":0},"end":{"line":50,"column":63}},"12":{"start":{"line":52,"column":0},"end":{"line":52,"column":46}},"13":{"start":{"line":54,"column":0},"end":{"line":62,"column":4}},"14":{"start":{"line":64,"column":0},"end":{"line":73,"column":62}}},"fnMap":{"0":{"name":"(anonymous_0)","decl":{"start":{"line":26,"column":15},"end":{"line":26,"column":16}},"loc":{"start":{"line":26,"column":34},"end":{"line":28,"column":3}},"line":26},"1":{"name":"(anonymous_1)","decl":{"start":{"line":29,"column":12},"end":{"line":29,"column":13}},"loc":{"start":{"line":29,"column":31},"end":{"line":32,"column":3}},"line":29},"2":{"name":"(anonymous_2)","decl":{"start":{"line":36,"column":21},"end":{"line":36,"column":22}},"loc":{"start":{"line":36,"column":40},"end":{"line":42,"column":1}},"line":36}},"branchMap":{"0":{"loc":{"start":{"line":37,"column":2},"end":{"line":41,"column":3}},"type":"if","locations":[{"start":{"line":37,"column":2},"end":{"line":41,"column":3}},{"start":{"line":39,"column":9},"end":{"line":41,"column":3}}],"line":37}},"s":{"0":1,"1":1,"2":1,"3":0,"4":0,"5":0,"6":1,"7":0,"8":0,"9":0,"10":1,"11":1,"12":1,"13":1,"14":1},"f":{"0":0,"1":0,"2":0},"b":{"0":[0,0]},"_coverageSchema":"1a1c01bbd47fc00a2c39e90264f33305004495a9","hash":"c371b9cdf4aad2b0225c770b839815324cb33b4a"}
,"/Users/andelarwanda/Desktop/mybrand-backend/routes/commentRoutes.js": {"path":"/Users/andelarwanda/Desktop/mybrand-backend/routes/commentRoutes.js","statementMap":{"0":{"start":{"line":10,"column":15},"end":{"line":10,"column":52}},"1":{"start":{"line":12,"column":0},"end":{"line":12,"column":67}},"2":{"start":{"line":14,"column":0},"end":{"line":17,"column":65}}},"fnMap":{},"branchMap":{},"s":{"0":1,"1":1,"2":1},"f":{},"b":{},"_coverageSchema":"1a1c01bbd47fc00a2c39e90264f33305004495a9","hash":"f7c950caee076c64530d242c225e36b973c3e428"}
,"/Users/andelarwanda/Desktop/mybrand-backend/routes/userRoutes.js": {"path":"/Users/andelarwanda/Desktop/mybrand-backend/routes/userRoutes.js","statementMap":{"0":{"start":{"line":24,"column":15},"end":{"line":24,"column":23}},"1":{"start":{"line":26,"column":0},"end":{"line":26,"column":31}},"2":{"start":{"line":27,"column":0},"end":{"line":27,"column":29}},"3":{"start":{"line":28,"column":0},"end":{"line":28,"column":30}},"4":{"start":{"line":30,"column":0},"end":{"line":30,"column":47}},"5":{"start":{"line":31,"column":0},"end":{"line":31,"column":53}},"6":{"start":{"line":33,"column":0},"end":{"line":35,"column":3}},"7":{"start":{"line":37,"column":0},"end":{"line":37,"column":20}},"8":{"start":{"line":39,"column":0},"end":{"line":39,"column":50}},"9":{"start":{"line":40,"column":0},"end":{"line":40,"column":34}},"10":{"start":{"line":41,"column":0},"end":{"line":41,"column":70}},"11":{"start":{"line":42,"column":0},"end":{"line":42,"column":37}},"12":{"start":{"line":44,"column":0},"end":{"line":44,"column":32}},"13":{"start":{"line":46,"column":0},"end":{"line":46,"column":52}},"14":{"start":{"line":48,"column":0},"end":{"line":48,"column":71}}},"fnMap":{"0":{"name":"(anonymous_0)","decl":{"start":{"line":33,"column":21},"end":{"line":33,"column":22}},"loc":{"start":{"line":33,"column":41},"end":{"line":35,"column":1}},"line":33}},"branchMap":{},"s":{"0":1,"1":1,"2":1,"3":1,"4":1,"5":1,"6":1,"7":1,"8":1,"9":1,"10":1,"11":1,"12":1,"13":1,"14":1},"f":{"0":0},"b":{},"_coverageSchema":"1a1c01bbd47fc00a2c39e90264f33305004495a9","hash":"95e282050265be64485732bad2cd8fa30638cae1"}
,"/Users/andelarwanda/Desktop/mybrand-backend/utils/appError.js": {"path":"/Users/andelarwanda/Desktop/mybrand-backend/utils/appError.js","statementMap":{"0":{"start":{"line":3,"column":4},"end":{"line":3,"column":19}},"1":{"start":{"line":5,"column":4},"end":{"line":5,"column":33}},"2":{"start":{"line":6,"column":4},"end":{"line":6,"column":69}},"3":{"start":{"line":7,"column":4},"end":{"line":7,"column":30}},"4":{"start":{"line":9,"column":4},"end":{"line":9,"column":52}}},"fnMap":{"0":{"name":"(anonymous_0)","decl":{"start":{"line":2,"column":2},"end":{"line":2,"column":3}},"loc":{"start":{"line":2,"column":35},"end":{"line":10,"column":3}},"line":2}},"branchMap":{"0":{"loc":{"start":{"line":6,"column":18},"end":{"line":6,"column":68}},"type":"cond-expr","locations":[{"start":{"line":6,"column":52},"end":{"line":6,"column":58}},{"start":{"line":6,"column":61},"end":{"line":6,"column":68}}],"line":6}},"s":{"0":0,"1":0,"2":0,"3":0,"4":0},"f":{"0":0},"b":{"0":[0,0]},"_coverageSchema":"1a1c01bbd47fc00a2c39e90264f33305004495a9","hash":"926d4e4b58fa0b7b671f2506036425f59792f7a9"}
,"/Users/andelarwanda/Desktop/mybrand-backend/utils/catchAsync.js": {"path":"/Users/andelarwanda/Desktop/mybrand-backend/utils/catchAsync.js","statementMap":{"0":{"start":{"line":2,"column":2},"end":{"line":4,"column":4}},"1":{"start":{"line":3,"column":4},"end":{"line":3,"column":35}}},"fnMap":{"0":{"name":"(anonymous_0)","decl":{"start":{"line":1,"column":15},"end":{"line":1,"column":16}},"loc":{"start":{"line":1,"column":21},"end":{"line":5,"column":1}},"line":1},"1":{"name":"(anonymous_1)","decl":{"start":{"line":2,"column":9},"end":{"line":2,"column":10}},"loc":{"start":{"line":2,"column":29},"end":{"line":4,"column":3}},"line":2}},"branchMap":{},"s":{"0":24,"1":3},"f":{"0":24,"1":3},"b":{},"_coverageSchema":"1a1c01bbd47fc00a2c39e90264f33305004495a9","hash":"1efbd5e0c066bf704d3c7a8ba6768e8842c6b529"}
}
