TN:
SF:app.js
FN:33,(anonymous_0)
FN:41,(anonymous_1)
FNF:2
FNH:1
FNDA:1,(anonymous_0)
FNDA:0,(anonymous_1)
DA:13,1
DA:14,1
DA:23,1
DA:24,0
DA:27,1
DA:29,1
DA:31,1
DA:32,1
DA:33,1
DA:34,1
DA:35,1
DA:41,1
DA:42,0
LF:13
LH:11
BRDA:23,0,0,0
BRDA:23,0,1,1
BRF:2
BRH:1
end_of_record
TN:
SF:controllers/authController.js
FN:11,(anonymous_0)
FN:17,(anonymous_1)
FN:29,(anonymous_2)
FN:35,(anonymous_3)
FN:51,(anonymous_4)
FN:82,(anonymous_5)
FN:91,(anonymous_6)
FN:117,(anonymous_7)
FN:144,(anonymous_8)
FNF:9
FNH:4
FNDA:2,(anonymous_0)
FNDA:2,(anonymous_1)
FNDA:1,(anonymous_2)
FNDA:2,(anonymous_3)
FNDA:0,(anonymous_4)
FNDA:0,(anonymous_5)
FNDA:0,(anonymous_6)
FNDA:0,(anonymous_7)
FNDA:0,(anonymous_8)
DA:8,1
DA:9,1
DA:11,1
DA:12,2
DA:17,1
DA:18,2
DA:20,2
DA:29,1
DA:30,1
DA:32,1
DA:35,1
DA:36,2
DA:38,2
DA:39,0
DA:42,2
DA:44,2
DA:45,1
DA:48,1
DA:51,1
DA:53,0
DA:57,0
DA:60,0
DA:61,0
DA:66,0
DA:68,0
DA:69,0
DA:70,0
DA:78,0
DA:79,0
DA:82,1
DA:83,0
DA:88,0
DA:91,1
DA:93,0
DA:95,0
DA:96,0
DA:100,0
DA:105,0
DA:110,0
DA:111,0
DA:114,0
DA:117,1
DA:118,0
DA:119,0
DA:125,0
DA:126,0
DA:132,0
DA:133,0
DA:134,0
DA:135,0
DA:138,0
DA:140,0
DA:144,1
DA:146,0
DA:149,0
DA:150,0
DA:154,0
DA:155,0
DA:156,0
DA:160,0
LF:60
LH:22
BRDA:38,0,0,0
BRDA:38,0,1,2
BRDA:38,1,0,2
BRDA:38,1,1,2
BRDA:44,2,0,1
BRDA:44,2,1,1
BRDA:44,3,0,2
BRDA:44,3,1,1
BRDA:53,4,0,0
BRDA:53,4,1,0
BRDA:54,5,0,0
BRDA:54,5,1,0
BRDA:60,6,0,0
BRDA:60,6,1,0
BRDA:69,7,0,0
BRDA:69,7,1,0
BRDA:95,8,0,0
BRDA:95,8,1,0
BRDA:125,9,0,0
BRDA:125,9,1,0
BRDA:149,10,0,0
BRDA:149,10,1,0
BRF:22
BRH:7
end_of_record
TN:
SF:controllers/blogController.js
FN:9,(anonymous_0)
FN:23,(anonymous_1)
FN:44,(anonymous_2)
FN:62,(anonymous_3)
FN:83,(anonymous_4)
FN:99,(anonymous_5)
FN:128,(anonymous_6)
FNF:7
FNH:0
FNDA:0,(anonymous_0)
FNDA:0,(anonymous_1)
FNDA:0,(anonymous_2)
FNDA:0,(anonymous_3)
FNDA:0,(anonymous_4)
FNDA:0,(anonymous_5)
FNDA:0,(anonymous_6)
DA:9,1
DA:10,0
DA:12,0
DA:23,1
DA:24,0
DA:30,0
DA:32,0
DA:44,1
DA:45,0
DA:47,0
DA:48,0
DA:51,0
DA:62,1
DA:63,0
DA:68,0
DA:69,0
DA:72,0
DA:83,1
DA:84,0
DA:86,0
DA:87,0
DA:90,0
DA:99,1
DA:100,0
DA:117,0
DA:128,1
DA:129,0
DA:130,0
DA:131,0
DA:132,0
LF:30
LH:7
BRDA:47,0,0,0
BRDA:47,0,1,0
BRDA:68,1,0,0
BRDA:68,1,1,0
BRDA:86,2,0,0
BRDA:86,2,1,0
BRF:6
BRH:0
end_of_record
TN:
SF:controllers/commentController.js
FN:6,(anonymous_0)
FN:19,(anonymous_1)
FN:47,(anonymous_2)
FN:76,(anonymous_3)
FNF:4
FNH:0
FNDA:0,(anonymous_0)
FNDA:0,(anonymous_1)
FNDA:0,(anonymous_2)
FNDA:0,(anonymous_3)
DA:6,1
DA:7,0
DA:9,0
DA:19,1
DA:21,0
DA:24,0
DA:25,0
DA:32,0
DA:38,0
DA:47,1
DA:48,0
DA:50,0
DA:51,0
DA:57,0
DA:58,0
DA:64,0
DA:65,0
DA:67,0
DA:76,1
DA:77,0
DA:79,0
DA:80,0
DA:86,0
DA:87,0
DA:93,0
DA:95,0
LF:26
LH:4
BRDA:24,0,0,0
BRDA:24,0,1,0
BRDA:50,1,0,0
BRDA:50,1,1,0
BRDA:57,2,0,0
BRDA:57,2,1,0
BRDA:79,3,0,0
BRDA:79,3,1,0
BRDA:86,4,0,0
BRDA:86,4,1,0
BRF:10
BRH:0
end_of_record
TN:
SF:controllers/handlerFactory.js
FN:5,(anonymous_0)
FN:6,(anonymous_1)
FN:24,(anonymous_2)
FN:25,(anonymous_3)
FN:44,(anonymous_4)
FN:45,(anonymous_5)
FN:57,(anonymous_6)
FN:58,(anonymous_7)
FN:77,(anonymous_8)
FN:78,(anonymous_9)
FNF:10
FNH:4
FNDA:0,(anonymous_0)
FNDA:0,(anonymous_1)
FNDA:1,(anonymous_2)
FNDA:0,(anonymous_3)
FNDA:1,(anonymous_4)
FNDA:0,(anonymous_5)
FNDA:1,(anonymous_6)
FNDA:0,(anonymous_7)
FNDA:1,(anonymous_8)
FNDA:0,(anonymous_9)
DA:5,1
DA:6,0
DA:7,0
DA:8,0
DA:9,0
DA:11,0
DA:12,0
DA:15,0
DA:24,1
DA:25,1
DA:26,0
DA:32,0
DA:34,0
DA:44,1
DA:45,1
DA:46,0
DA:48,0
DA:57,1
DA:58,1
DA:59,0
DA:64,0
DA:65,0
DA:68,0
DA:77,1
DA:78,1
DA:79,0
DA:81,0
DA:82,0
DA:85,0
LF:29
LH:9
BRDA:8,0,0,0
BRDA:8,0,1,0
BRDA:11,1,0,0
BRDA:11,1,1,0
BRDA:64,2,0,0
BRDA:64,2,1,0
BRDA:81,3,0,0
BRDA:81,3,1,0
BRF:8
BRH:0
end_of_record
TN:
SF:controllers/userController.js
FN:13,(anonymous_0)
FN:18,(anonymous_1)
FN:33,(anonymous_2)
FN:54,(anonymous_3)
FN:70,(anonymous_4)
FN:101,(anonymous_5)
FNF:6
FNH:1
FNDA:0,(anonymous_0)
FNDA:0,(anonymous_1)
FNDA:0,(anonymous_2)
FNDA:0,(anonymous_3)
FNDA:0,(anonymous_4)
FNDA:1,(anonymous_5)
DA:11,1
DA:13,1
DA:14,0
DA:15,0
DA:18,1
DA:19,0
DA:21,0
DA:22,0
DA:25,0
DA:33,1
DA:34,0
DA:35,0
DA:38,0
DA:44,0
DA:46,0
DA:54,1
DA:55,0
DA:56,0
DA:59,0
DA:61,0
DA:67,0
DA:70,1
DA:72,0
DA:73,0
DA:82,0
DA:83,0
DA:84,0
DA:88,0
DA:93,0
DA:101,1
DA:102,1
DA:104,1
DA:110,1
DA:112,1
DA:114,1
DA:116,1
LF:36
LH:13
BRDA:21,0,0,0
BRDA:21,0,1,0
BRDA:34,1,0,0
BRDA:34,1,1,0
BRDA:55,2,0,0
BRDA:55,2,1,0
BRDA:72,3,0,0
BRDA:72,3,1,0
BRDA:72,4,0,0
BRDA:72,4,1,0
BRDA:83,5,0,0
BRDA:83,5,1,0
BRF:12
BRH:0
end_of_record
TN:
SF:middleware/authMiddleware.js
FN:6,(anonymous_0)
FN:58,(anonymous_1)
FN:59,(anonymous_2)
FNF:3
FNH:2
FNDA:1,(anonymous_0)
FNDA:6,(anonymous_1)
FNDA:0,(anonymous_2)
DA:6,1
DA:7,1
DA:9,1
DA:10,1
DA:14,1
DA:15,0
DA:16,0
DA:19,1
DA:20,0
DA:27,1
DA:30,1
DA:31,1
DA:32,0
DA:39,1
DA:40,0
DA:47,1
DA:48,1
DA:50,0
DA:58,1
DA:59,6
DA:60,0
DA:61,0
DA:66,0
LF:23
LH:14
BRDA:10,0,0,1
BRDA:10,0,1,0
BRDA:11,1,0,1
BRDA:11,1,1,1
BRDA:15,2,0,0
BRDA:15,2,1,0
BRDA:19,3,0,0
BRDA:19,3,1,1
BRDA:31,4,0,0
BRDA:31,4,1,1
BRDA:39,5,0,0
BRDA:39,5,1,1
BRDA:60,6,0,0
BRDA:60,6,1,0
BRF:14
BRH:6
end_of_record
TN:
SF:models/blogModels.js
FN:69,(anonymous_0)
FN:74,(anonymous_1)
FN:81,(anonymous_2)
FNF:3
FNH:0
FNDA:0,(anonymous_0)
FNDA:0,(anonymous_1)
FNDA:0,(anonymous_2)
DA:4,1
DA:59,1
DA:60,1
DA:63,1
DA:69,1
DA:70,0
DA:71,0
DA:74,1
DA:75,0
DA:77,0
DA:78,0
DA:81,1
DA:82,0
DA:87,0
DA:90,1
LF:15
LH:8
BRF:0
BRH:0
end_of_record
TN:
SF:models/commentModels.js
FN:38,(anonymous_0)
FNF:1
FNH:0
FNDA:0,(anonymous_0)
DA:3,1
DA:36,1
DA:38,1
DA:39,0
DA:44,0
DA:47,1
LF:6
LH:4
BRF:0
BRH:0
end_of_record
TN:
SF:models/userModels.js
FN:29,(anonymous_0)
FN:38,(anonymous_1)
FN:55,(anonymous_2)
FN:67,(anonymous_3)
FN:79,(anonymous_4)
FN:86,(anonymous_5)
FN:92,(anonymous_6)
FN:104,(anonymous_7)
FN:118,(anonymous_8)
FNF:9
FNH:7
FNDA:1,(anonymous_0)
FNDA:1,(anonymous_1)
FNDA:0,(anonymous_2)
FNDA:1,(anonymous_3)
FNDA:1,(anonymous_4)
FNDA:4,(anonymous_5)
FNDA:1,(anonymous_6)
FNDA:1,(anonymous_7)
FNDA:0,(anonymous_8)
DA:6,1
DA:30,1
DA:39,1
DA:55,1
DA:56,0
DA:64,0
DA:67,1
DA:69,1
DA:72,1
DA:75,1
DA:76,1
DA:79,1
DA:80,1
DA:82,0
DA:83,0
DA:86,1
DA:88,4
DA:89,4
DA:92,1
DA:96,1
DA:97,1
DA:99,0
DA:100,0
DA:104,1
DA:105,1
DA:106,0
DA:111,0
DA:115,1
DA:118,1
DA:119,0
DA:121,0
DA:125,0
DA:127,0
DA:130,1
LF:34
LH:22
BRDA:69,0,0,0
BRDA:69,0,1,1
BRDA:80,1,0,1
BRDA:80,1,1,0
BRDA:80,2,0,1
BRDA:80,2,1,1
BRDA:105,3,0,0
BRDA:105,3,1,1
BRF:8
BRH:5
end_of_record
TN:
SF:routes/blogRoutes.js
FN:26,(anonymous_0)
FN:29,(anonymous_1)
FN:36,(anonymous_2)
FNF:3
FNH:0
FNDA:0,(anonymous_0)
FNDA:0,(anonymous_1)
FNDA:0,(anonymous_2)
DA:15,1
DA:18,1
DA:25,1
DA:27,0
DA:30,0
DA:31,0
DA:36,1
DA:37,0
DA:38,0
DA:40,0
DA:45,1
DA:50,1
DA:52,1
DA:54,1
DA:64,1
LF:15
LH:9
BRDA:37,0,0,0
BRDA:37,0,1,0
BRF:2
BRH:0
end_of_record
TN:
SF:routes/commentRoutes.js
FNF:0
FNH:0
DA:10,1
DA:12,1
DA:14,1
LF:3
LH:3
BRF:0
BRH:0
end_of_record
TN:
SF:routes/userRoutes.js
FN:33,(anonymous_0)
FNF:1
FNH:0
FNDA:0,(anonymous_0)
DA:24,1
DA:26,1
DA:27,1
DA:28,1
DA:30,1
DA:31,1
DA:33,1
DA:37,1
DA:39,1
DA:40,1
DA:41,1
DA:42,1
DA:44,1
DA:46,1
DA:48,1
LF:15
LH:15
BRF:0
BRH:0
end_of_record
TN:
SF:utils/appError.js
FN:2,(anonymous_0)
FNF:1
FNH:1
FNDA:1,(anonymous_0)
DA:3,1
DA:5,1
DA:6,1
DA:7,1
DA:9,1
LF:5
LH:5
BRDA:6,0,0,1
BRDA:6,0,1,0
BRF:2
BRH:1
end_of_record
TN:
SF:utils/catchAsync.js
FN:1,(anonymous_0)
FN:2,(anonymous_1)
FNF:2
FNH:2
FNDA:24,(anonymous_0)
FNDA:4,(anonymous_1)
DA:2,24
DA:3,4
LF:2
LH:2
BRF:0
BRH:0
end_of_record
